# JRE version: Java(TM) SE Runtime Environment (8.0_11-b12) (build 1.8.0_11-b12)
# Java VM: Java HotSpot(TM) 64-Bit Server VM (25.11-b03 mixed mode linux-amd64 compressed oops)
Heap:
 PSYoungGen      total 75264K, used 416K [0x00000000ed100000, 0x00000000f2080000, 0x0000000100000000)
  eden space 69120K, 0% used [0x00000000ed100000,0x00000000ed100000,0x00000000f1480000)
  from space 6144K, 6% used [0x00000000f1480000,0x00000000f14e8000,0x00000000f1a80000)
  to   space 6144K, 0% used [0x00000000f1a80000,0x00000000f1a80000,0x00000000f2080000)
 ParOldGen       total 57856K, used 24971K [0x00000000c7200000, 0x00000000caa80000, 0x00000000ed100000)
  object space 57856K, 43% used [0x00000000c7200000,0x00000000c8a62dd0,0x00000000caa80000)
 Metaspace       used 20273K, capacity 20440K, committed 20864K, reserved 1067008K
  class space    used 2501K, capacity 2572K, committed 2688K, reserved 1048576K
GC Heap History (10 events):
Event: 2,235 GC heap after
Heap after GC invocations=18 (full 0):
 PSYoungGen      total 40448K, used 2573K [0x00000000ed100000, 0x00000000efd80000, 0x0000000100000000)
  eden space 35328K, 0% used [0x00000000ed100000,0x00000000ed100000,0x00000000ef380000)
  from space 5120K, 50% used [0x00000000ef880000,0x00000000efb03770,0x00000000efd80000)
  to   space 5120K, 0% used [0x00000000ef380000,0x00000000ef380000,0x00000000ef880000)
 ParOldGen       total 57856K, used 9635K [0x00000000c7200000, 0x00000000caa80000, 0x00000000ed100000)
  object space 57856K, 16% used [0x00000000c7200000,0x00000000c7b68e30,0x00000000caa80000)
 Metaspace       used 19437K, capacity 19532K, committed 19968K, reserved 1067008K
  class space    used 2445K, capacity 2458K, committed 2560K, reserved 1048576K
}
Event: 2,506 GC heap before
{Heap before GC invocations=19 (full 0):
 PSYoungGen      total 40448K, used 37901K [0x00000000ed100000, 0x00000000efd80000, 0x0000000100000000)
  eden space 35328K, 100% used [0x00000000ed100000,0x00000000ef380000,0x00000000ef380000)
  from space 5120K, 50% used [0x00000000ef880000,0x00000000efb03770,0x00000000efd80000)
  to   space 5120K, 0% used [0x00000000ef380000,0x00000000ef380000,0x00000000ef880000)
 ParOldGen       total 57856K, used 9635K [0x00000000c7200000, 0x00000000caa80000, 0x00000000ed100000)
  object space 57856K, 16% used [0x00000000c7200000,0x00000000c7b68e30,0x00000000caa80000)
 Metaspace       used 19701K, capacity 19820K, committed 20224K, reserved 1067008K
  class space    used 2460K, capacity 2490K, committed 2560K, reserved 1048576K
Event: 2,516 GC heap after
Heap after GC invocations=19 (full 0):
 PSYoungGen      total 40448K, used 3364K [0x00000000ed100000, 0x00000000f0b80000, 0x0000000100000000)
  eden space 35328K, 0% used [0x00000000ed100000,0x00000000ed100000,0x00000000ef380000)
  from space 5120K, 65% used [0x00000000ef380000,0x00000000ef6c92e0,0x00000000ef880000)
  to   space 5120K, 0% used [0x00000000f0680000,0x00000000f0680000,0x00000000f0b80000)
 ParOldGen       total 57856K, used 12075K [0x00000000c7200000, 0x00000000caa80000, 0x00000000ed100000)
  object space 57856K, 20% used [0x00000000c7200000,0x00000000c7dcae50,0x00000000caa80000)
 Metaspace       used 19701K, capacity 19820K, committed 20224K, reserved 1067008K
  class space    used 2460K, capacity 2490K, committed 2560K, reserved 1048576K
}
Event: 2,632 GC heap before
{Heap before GC invocations=20 (full 0):
 PSYoungGen      total 40448K, used 38692K [0x00000000ed100000, 0x00000000f0b80000, 0x0000000100000000)
  eden space 35328K, 100% used [0x00000000ed100000,0x00000000ef380000,0x00000000ef380000)
  from space 5120K, 65% used [0x00000000ef380000,0x00000000ef6c92e0,0x00000000ef880000)
  to   space 5120K, 0% used [0x00000000f0680000,0x00000000f0680000,0x00000000f0b80000)
 ParOldGen       total 57856K, used 12075K [0x00000000c7200000, 0x00000000caa80000, 0x00000000ed100000)
  object space 57856K, 20% used [0x00000000c7200000,0x00000000c7dcae50,0x00000000caa80000)
 Metaspace       used 19722K, capacity 19820K, committed 20224K, reserved 1067008K
  class space    used 2462K, capacity 2490K, committed 2560K, reserved 1048576K
Event: 2,647 GC heap after
Heap after GC invocations=20 (full 0):
 PSYoungGen      total 54272K, used 3776K [0x00000000ed100000, 0x00000000f0c80000, 0x0000000100000000)
  eden space 49152K, 0% used [0x00000000ed100000,0x00000000ed100000,0x00000000f0100000)
  from space 5120K, 73% used [0x00000000f0680000,0x00000000f0a30020,0x00000000f0b80000)
  to   space 5632K, 0% used [0x00000000f0100000,0x00000000f0100000,0x00000000f0680000)
 ParOldGen       total 57856K, used 15320K [0x00000000c7200000, 0x00000000caa80000, 0x00000000ed100000)
  object space 57856K, 26% used [0x00000000c7200000,0x00000000c80f6130,0x00000000caa80000)
 Metaspace       used 19722K, capacity 19820K, committed 20224K, reserved 1067008K
  class space    used 2462K, capacity 2490K, committed 2560K, reserved 1048576K
}
Event: 2,841 GC heap before
{Heap before GC invocations=21 (full 0):
 PSYoungGen      total 54272K, used 52928K [0x00000000ed100000, 0x00000000f0c80000, 0x0000000100000000)
  eden space 49152K, 100% used [0x00000000ed100000,0x00000000f0100000,0x00000000f0100000)
  from space 5120K, 73% used [0x00000000f0680000,0x00000000f0a30020,0x00000000f0b80000)
  to   space 5632K, 0% used [0x00000000f0100000,0x00000000f0100000,0x00000000f0680000)
 ParOldGen       total 57856K, used 15320K [0x00000000c7200000, 0x00000000caa80000, 0x00000000ed100000)
  object space 57856K, 26% used [0x00000000c7200000,0x00000000c80f6130,0x00000000caa80000)
 Metaspace       used 20117K, capacity 20274K, committed 20480K, reserved 1067008K
  class space    used 2493K, capacity 2539K, committed 2560K, reserved 1048576K
Event: 2,852 GC heap after
Heap after GC invocations=21 (full 0):
 PSYoungGen      total 54784K, used 4338K [0x00000000ed100000, 0x00000000f2080000, 0x0000000100000000)
  eden space 49152K, 0% used [0x00000000ed100000,0x00000000ed100000,0x00000000f0100000)
  from space 5632K, 77% used [0x00000000f0100000,0x00000000f053c858,0x00000000f0680000)
  to   space 6144K, 0% used [0x00000000f1a80000,0x00000000f1a80000,0x00000000f2080000)
 ParOldGen       total 57856K, used 18800K [0x00000000c7200000, 0x00000000caa80000, 0x00000000ed100000)
  object space 57856K, 32% used [0x00000000c7200000,0x00000000c845c160,0x00000000caa80000)
 Metaspace       used 20117K, capacity 20274K, committed 20480K, reserved 1067008K
  class space    used 2493K, capacity 2539K, committed 2560K, reserved 1048576K
}
Event: 3,001 GC heap before
{Heap before GC invocations=22 (full 0):
 PSYoungGen      total 54784K, used 53490K [0x00000000ed100000, 0x00000000f2080000, 0x0000000100000000)
  eden space 49152K, 100% used [0x00000000ed100000,0x00000000f0100000,0x00000000f0100000)
  from space 5632K, 77% used [0x00000000f0100000,0x00000000f053c858,0x00000000f0680000)
  to   space 6144K, 0% used [0x00000000f1a80000,0x00000000f1a80000,0x00000000f2080000)
 ParOldGen       total 57856K, used 18800K [0x00000000c7200000, 0x00000000caa80000, 0x00000000ed100000)
  object space 57856K, 32% used [0x00000000c7200000,0x00000000c845c160,0x00000000caa80000)
 Metaspace       used 20123K, capacity 20274K, committed 20480K, reserved 1067008K
  class space    used 2493K, capacity 2539K, committed 2560K, reserved 1048576K
Event: 3,016 GC heap after
Heap after GC invocations=22 (full 0):
 PSYoungGen      total 75264K, used 2875K [0x00000000ed100000, 0x00000000f2080000, 0x0000000100000000)
  eden space 69120K, 0% used [0x00000000ed100000,0x00000000ed100000,0x00000000f1480000)
  from space 6144K, 46% used [0x00000000f1a80000,0x00000000f1d4ec50,0x00000000f2080000)
  to   space 6144K, 0% used [0x00000000f1480000,0x00000000f1480000,0x00000000f1a80000)
 ParOldGen       total 57856K, used 22688K [0x00000000c7200000, 0x00000000caa80000, 0x00000000ed100000)
  object space 57856K, 39% used [0x00000000c7200000,0x00000000c8828180,0x00000000caa80000)
 Metaspace       used 20123K, capacity 20274K, committed 20480K, reserved 1067008K
  class space    used 2493K, capacity 2539K, committed 2560K, reserved 1048576K
}
Event: 303,806 GC heap before
{Heap before GC invocations=23 (full 0):
 PSYoungGen      total 75264K, used 71995K [0x00000000ed100000, 0x00000000f2080000, 0x0000000100000000)
  eden space 69120K, 100% used [0x00000000ed100000,0x00000000f1480000,0x00000000f1480000)
  from space 6144K, 46% used [0x00000000f1a80000,0x00000000f1d4ec50,0x00000000f2080000)
  to   space 6144K, 0% used [0x00000000f1480000,0x00000000f1480000,0x00000000f1a80000)
 ParOldGen       total 57856K, used 22688K [0x00000000c7200000, 0x00000000caa80000, 0x00000000ed100000)
  object space 57856K, 39% used [0x00000000c7200000,0x00000000c8828180,0x00000000caa80000)
 Metaspace       used 20273K, capacity 20440K, committed 20864K, reserved 1067008K
  class space    used 2501K, capacity 2572K, committed 2688K, reserved 1048576K

